         w __deregister_frame_info
         w _ITM_deregisterTMCloneTable
         w _ITM_registerTMCloneTable
         w _Jv_RegisterClasses
         w __register_frame_info
00000000 b .LANCHOR1
00000000 a shift
00000000 b _TLS_MODULE_BASE_
00000000 00002000 b tmp_buffer.6553
00001ff8 b .LANCHOR2
00002000 00000401 b __fixedpath
00002404 00000802 b __utf16path
00002c08 00000802 b __utf16path_old.6624
00100000 T _start
00100000 T __start__
00100008 T __service_ptr
0010000c T __apt_appid
00100010 T __heap_size
00100014 T __linear_heap_size
00100018 T __system_arglist
0010001c T __system_runflags
00100020 t startup
00100058 t ClearMem
0010006c t ClrLoop
00100094 T _init
001000ac t deregister_tm_clones
001000dc t register_tm_clones
00100114 t __do_global_dtors_aux
00100158 t frame_dummy
001001b4 00000064 t apt_hook_func
00100218 000001b0 t sf2d_init_advanced.part.0
001003c8 00000028 T sf2d_init
001003f0 00000020 T sf2d_init_advanced
00100410 0000006c T sf2d_fini
0010047c 0000000c T sf2d_set_3D
00100488 00000194 T sf2d_start_frame
0010061c 000001c0 T sf2d_start_frame_target
001007dc 00000114 T sf2d_end_frame
001008f0 000000b0 T sf2d_swapbuffers
001009a0 00000010 T sf2d_set_vblank_wait
001009b0 00000010 T sf2d_get_fps
001009c0 0000002c T sf2d_pool_malloc
001009ec 00000040 T sf2d_pool_memalign
00100a2c 00000040 T sf2d_pool_calloc
00100a6c 00000018 T sf2d_pool_space_free
00100a84 00000014 T sf2d_pool_reset
00100a98 00000014 T sf2d_set_clear_color
00100aac 0000004c T sf2d_set_scissor_test
00100af8 00000010 T sf2d_get_current_screen
00100b08 00000010 T sf2d_get_current_side
00100b18 000001a0 T sf2d_draw_line
00100cb8 00000144 T sf2d_draw_rectangle
00100dfc 000001e8 T sf2d_draw_rectangle_rotate
00100fe4 0000017c T sf2d_draw_fill_circle
00101160 00000034 T GPU_SetDummyTexEnv
00101194 00000084 T vector_mult_matrix4x4
00101218 00000010 T matrix_gpu_set_uniform
00101228 0000003c T matrix_copy
00101264 0000004c T matrix_identity4x4
001012b0 00000070 T matrix_mult4x4
00101320 00000074 T matrix_set_z_rotation
00101394 00000060 T matrix_rotate_z
001013f4 0000004c T matrix_set_scaling
00101440 000000a0 T matrix_swap_xy
001014e0 00000114 T matrix_init_orthographic
001015f4 00000020 T next_pow2
00101614 00000078 t sf2d_texture_tile32_hardware.part.3
0010168c 00000124 t sf2d_texture_tile32.part.4
001017b0 000001f4 T sf2d_create_texture
001019a4 0000009c T sf2d_create_rendertarget
00101a40 00000050 T sf2d_free_texture
00101a90 00000004 T sf2d_free_target
00101a94 00000098 T sf2d_clear_target
00101b2c 00000010 T sf2d_texture_tile32_hardware
00101b3c 000000ac T sf2d_fill_texture_from_RGBA8
00101be8 00000044 T sf2d_create_texture_mem_RGBA8
00101c2c 00000074 T sf2d_bind_texture
00101ca0 00000078 T sf2d_bind_texture_color
00101d18 00000078 T sf2d_bind_texture_parameters
00101d90 00000008 T sf2d_texture_set_params
00101d98 00000008 T sf2d_texture_get_params
00101da0 00000144 T sf2d_draw_texture
00101ee4 00000148 T sf2d_draw_texture_blend
0010202c 000001b4 T sf2d_draw_texture_rotate_hotspot
001021e0 000001b8 T sf2d_draw_texture_rotate_hotspot_blend
00102398 000001c8 T sf2d_draw_texture_rotate
00102560 000001cc T sf2d_draw_texture_rotate_blend
0010272c 000001cc T sf2d_draw_texture_rotate_scale_hotspot
001028f8 000001d0 T sf2d_draw_texture_rotate_scale_hotspot_blend
00102ac8 00000180 T sf2d_draw_texture_part
00102c48 00000184 T sf2d_draw_texture_part_blend
00102dcc 0000016c T sf2d_draw_texture_scale
00102f38 00000170 T sf2d_draw_texture_scale_blend
001030a8 00000158 T sf2d_draw_texture_part_scale
00103200 0000015c T sf2d_draw_texture_part_scale_blend
0010335c 00000224 T sf2d_draw_texture_part_rotate_scale
00103580 00000228 T sf2d_draw_texture_part_rotate_scale_blend
001037a8 00000160 T sf2d_draw_texture_depth
00103908 00000164 T sf2d_draw_texture_depth_blend
00103a6c 00000130 T sf2d_draw_quad_uv
00103b9c 0000008c T sf2d_set_pixel
00103c28 0000008c T sf2d_get_pixel
00103cb4 00000010 T sf2d_texture_tile32
00103cc4 T initSystem
00103d08 T __ctru_exit
00103d28 0000019c T __aeabi_frsub
00103d30 00000194 T __aeabi_fsub
00103d30 00000194 T __subsf3
00103d34 00000190 T __addsf3
00103d34 00000190 T __aeabi_fadd
00103ec4 00000028 T __aeabi_ui2f
00103ec4 00000028 T __floatunsisf
00103ecc 00000020 T __aeabi_i2f
00103ecc 00000020 T __floatsisf
00103eec 0000008c T __aeabi_ul2f
00103eec 0000008c T __floatundisf
00103efc 0000007c T __aeabi_l2f
00103efc 0000007c T __floatdisf
00103f78 00000004 W __aeabi_idiv0
00103f78 00000004 W __aeabi_ldiv0
00103f88 00000390 T strcmp
00104320 00000008 t null_write
00104328 00000018 T setDefaultDevice
00104340 000000bc T FindDevice
001043fc 0000002c T RemoveDevice
00104428 00000098 T AddDevice
001044c0 00000024 T GetDeviceOpTab
001044e4 00000070 T _sbrk_r
00104554 000001bc T _concatenate_path
00104710 00000154 T chdir
00104864 000000a0 T getcwd
00104904 00000018 T __libc_lock_init
0010491c 00000018 T __libc_lock_acquire
00104934 00000024 T __libc_lock_try_acquire
00104958 00000018 T __libc_lock_release
00104970 00000018 T __libc_lock_close
00104988 00000018 T __libc_lock_init_recursive
001049a0 00000018 T __libc_lock_acquire_recursive
001049b8 00000024 T __libc_lock_try_acquire_recursive
001049dc 00000018 T __libc_lock_release_recursive
001049f4 00000018 T __libc_lock_close_recursive
00104a0c 00000028 T __getreent
00104a34 T __aeabi_uidiv
00104a34 000001ec T __udivsi3
00104a34 t .udivsi3_skip_div0_test
00104c20 00000020 T __aeabi_uidivmod
00104c40 000000e4 T main
00104d24 00000024 t addrMapNodeComparator(rbtree_node const*, rbtree_node const*)
00104d48 00000004 t addrMapNodeDestructor(rbtree_node*)
00104d4c 00000130 T vramMemAlign
00104e7c 00000008 T vramAlloc
00104e84 00000050 T vramFree
00104ed4 0000000c T vramSpaceFree
00104ee0 00000024 t addrMapNodeComparator(rbtree_node const*, rbtree_node const*)
00104f04 00000004 t addrMapNodeDestructor(rbtree_node*)
00104f08 00000140 T linearMemAlign
00105048 00000008 T linearAlloc
00105050 00000050 T linearFree
001050a0 0000000c T linearSpaceFree
001050ac 000000a0 T MemPool::CoalesceRight(MemBlock*)
0010514c 0000018c T MemPool::Allocate(MemChunk&, unsigned long, int)
001052d8 00000104 T MemPool::Deallocate(MemChunk const&)
001053dc 00000030 T MemPool::GetFreeSpace()
0010540c 00000058 t getSysTime
00105464 0000004c T osConvertVirtToPhys
001054b0 00000024 T osGetMemRegionUsed
001054d8 000000f4 T __libctru_gtod
001055d0 00000078 T osGetTime
00105648 00000034 T __ctru_speedup_config
0010567c 0000008c t gfxSetFramebufferInfo.part.0
00105708 00000010 T gfxSet3D
00105718 00000070 T gfxSetFramebufferInfo
00105788 00000088 T gfxWriteFramebufferInfo
00105810 000001d0 T gfxInit
001059e0 00000010 T gfxInitDefault
001059f0 000000e0 T gfxExit
00105ad0 000000b0 T gfxGetFramebuffer
00105b80 00000070 T gfxConfigScreen
00105bf0 00000020 T gfxSwapBuffersGpu
00105c10 0000002c T GPU_Init
00105c3c 00000010 T GPU_Reset
00105c4c 00000070 T GPU_SetFloatUniform
00105cbc 000001f4 T GPU_SetViewport
00105eb0 0000004c T GPU_SetScissorTest
00105efc 0000007c T GPU_DepthMap
00105f78 00000038 T GPU_SetAlphaTest
00105fb0 00000048 T GPU_SetStencilTest
00105ff8 00000034 T GPU_SetStencilOp
0010602c 00000038 T GPU_SetDepthTestAndWriteMask
00106064 00000068 T GPU_SetAlphaBlending
001060cc 0000003c T GPU_SetBlendingColor
00106108 0000004c T GPU_SetTextureEnable
00106154 00000198 T GPU_SetTexture
001062ec 00000200 T GPU_SetAttributeBuffers
001064ec 0000002c T GPU_SetFaceCulling
00106518 00000078 T GPU_SetTexEnv
00106590 00000130 T GPU_DrawArray
001066c0 0000005c T GPU_FinishDrawing
0010671c 00000048 t GPU_SetShaderOutmap
00106764 000000b8 t GPU_SendShaderCode.constprop.0
0010681c 00000070 t GPU_SendOperandDescriptors.constprop.1
0010688c 0000023c T shaderInstanceInit
00106ac8 00000038 T shaderInstanceFree
00106b00 00000018 T shaderInstanceGetUniformLocation
00106b18 00000018 T shaderProgramInit
00106b30 00000030 T shaderProgramFree
00106b60 0000006c T shaderProgramSetVsh
00106bcc 00000340 T shaderProgramConfigure
00106f0c 0000012c T shaderProgramUse
00107038 0000003c T DVLB_Free
00107074 00000080 T DVLE_GetUniformRegister
001070f4 00000198 T DVLE_GenerateOutmap
0010728c 00000198 T DVLB_ParseFile
00107424 00000054 T GX_ProcessCommandList
00107478 00000060 T GX_MemoryFill
001074d8 00000050 T GX_DisplayTransfer
00107528 00000054 T GX_FlushCacheRegions
0010757c 0000002c T GPUCMD_SetBuffer
001075a8 00000010 T GPUCMD_SetBufferOffset
001075b8 00000068 T GPUCMD_FlushAndRun
00107620 000000e4 T GPUCMD_Add
00107704 00000098 T GPUCMD_Finalize
0010779c 00000040 T f32tof24
001077dc 00000040 T f32tof31
0010781c 00000124 t gspEventThreadMain
00107940 00000074 T gspInit
001079b4 0000003c T gspExit
001079f0 000000d0 T gspInitEventHandler
00107ac0 0000005c T gspExitEventHandler
00107b1c 00000058 T gspWaitForEvent
00107b74 00000128 T gspSubmitGxCommand
00107c9c 0000006c T GSPGPU_SetBufferSwap
00107d08 0000004c T GSPGPU_FlushDataCache
00107d54 0000004c T GSPGPU_InvalidateDataCache
00107da0 00000034 T GSPGPU_SetLcdForceBlack
00107dd4 00000064 T GSPGPU_RegisterInterruptRelayQueue
00107e38 0000002c T GSPGPU_UnregisterInterruptRelayQueue
00107e64 00000048 T GSPGPU_AcquireRight
00107eac 0000002c T GSPGPU_ReleaseRight
00107ed8 00000080 T GSPGPU_ImportDisplayCaptureInfo
00107f58 0000002c T GSPGPU_SaveVramSysArea
00107f84 0000002c T GSPGPU_RestoreVramSysArea
00107fb0 000000d8 T hidExit
00108088 00000238 T hidScanInput
001082c0 00000010 T hidKeysHeld
001082d0 00000090 T HIDUSER_GetHandles
00108360 00000184 T hidInit
001084e4 00000068 t __apt_initservicehandle
0010854c 00000004 W _aptDebug
00108550 00000098 T aptInitCaptureInfo
001085e8 00000028 T aptWaitStatusEvent
00108610 00000060 T aptGetMenuAppID
00108670 00000034 T aptHook
001086a4 0000002c T aptUnhook
001086d0 0000006c T aptSetStatus
0010873c 00000048 T APT_GetLockHandle
00108784 00000060 T APT_Initialize
001087e4 00000034 T APT_Finalize
00108818 00000048 T APT_InquireNotification
00108860 0000002c T APT_PrepareToJumpToHomeMenu
0010888c 00000050 T APT_JumpToHomeMenu
001088dc 00000034 T APT_PrepareToJumpToApplication
00108910 00000050 T APT_JumpToApplication
00108960 00000034 T APT_NotifyToWait
00108994 0000008c T APT_AppletUtility
00108a20 00000188 T aptAppletUtility_Exit_RetToApp
00108ba8 0000003c T aptAppletClosed
00108be4 00000114 t aptAppStarted
00108cf8 00000298 T aptInit
00108f90 0000006c T APT_ReceiveParameter
00108ffc 00000064 T APT_SendParameter
00109060 00000044 T APT_SendCaptureBufferInfo
001090a4 00000264 T aptReturnToMenu
00109308 00000038 T APT_ReplySleepQuery
00109340 00000034 T APT_ReplySleepNotificationComplete
00109374 000003f4 T aptEventHandler
00109768 00000034 T APT_PrepareToCloseApplication
0010979c 00000050 T APT_CloseApplication
001097ec 000002d0 T aptExit
00109abc 0000006c T APT_CheckNew3DS_System
00109b28 0000008c T APT_CheckNew3DS
00109bb4 00000054 T APT_StartLibraryApplet
00109c08 00000174 T aptAppletStarted
00109d7c 000001a4 T aptMainLoop
00109f20 00000070 T ptmSysmInit
00109f90 00000034 T ptmSysmExit
00109fc4 00000034 T PTMSYSM_ConfigureNew3DSCPU
00109ff8 00000014 T rbtree_init
0010a00c 000001d4 t do_insert
0010a1e0 00000008 T rbtree_insert
0010a1e8 000000ac T rbtree_rotate
0010a294 0000035c T rbtree_remove
0010a5f0 00000070 T rbtree_find
0010a660 00000038 W __libctru_init
0010a698 00000030 t __ctru_get_reent
0010a6c8 000000e8 T __system_initSyscalls
0010a7b0 00000058 t osGetMemRegionSize
0010a808 00000124 W __system_allocateHeaps
0010a92c 000000f4 T __system_initArgv
0010aa20 T svcControlMemory
0010aa40 T svcExitProcess
0010aa48 T svcCreateThread
0010aa68 T svcExitThread
0010aa70 T svcCreateEvent
0010aa84 T svcSignalEvent
0010aa8c T svcClearEvent
0010aa94 T svcMapMemoryBlock
0010aa9c T svcUnmapMemoryBlock
0010aaa4 T svcCreateAddressArbiter
0010aab8 T svcArbitrateAddress
0010aad0 T svcCloseHandle
0010aad8 T svcWaitSynchronization
0010aae0 T svcWaitSynchronizationN
0010ab08 T svcDuplicateHandle
0010ab1c T svcGetSystemTick
0010ab24 T svcGetSystemInfo
0010ab3c T svcConnectToPort
0010ab50 T svcSendSyncRequest
0010ab58 T svcBreak
0010ab60 00000024 t addrMapNodeComparator(rbtree_node const*, rbtree_node const*)
0010ab84 00000004 t addrMapNodeDestructor(rbtree_node*)
0010ab88 000000f4 T mappableAlloc
0010ac7c 00000050 T mappableFree
0010accc 00000034 t LightLock_Unlock.part.1
0010ad00 0000000c T __sync_init
0010ad0c 00000018 T __sync_fini
0010ad24 00000018 T LightLock_Init
0010ad3c 00000094 T LightLock_Lock
0010add0 00000034 T LightLock_TryLock
0010ae04 00000020 T LightLock_Unlock
0010ae24 00000024 T RecursiveLock_Init
0010ae48 00000030 T RecursiveLock_Lock
0010ae78 00000058 T RecursiveLock_TryLock
0010aed0 00000038 T RecursiveLock_Unlock
0010af08 00000050 T srvExit
0010af58 00000038 T srvRegisterClient
0010af90 00000070 T srvInit
0010b000 00000068 T srvGetServiceHandleDirect
0010b068 00000038 T srvGetServiceHandle
0010b0a0 000001c8 T threadCreate
0010b268 00000024 T threadJoin
0010b28c 0000006c T threadExit
0010b2f8 0000003c t _thread_begin
0010b334 000000b0 T irrstScanInput
0010b3e4 0000001c T irrstKeysHeld
0010b400 00000050 T IRRST_GetHandles
0010b450 00000148 T irrstInit
0010b598 0000002c T IRRST_Shutdown
0010b5c4 000000b0 T irrstExit
0010b674 0000008c T rbtree_node_next
0010b700 0000001c W __appInit
0010b71c 0000001c W __appExit
0010b738 000000a4 W __libctru_exit
0010b7dc 00000094 T envGetHandle
0010b870 0000004c T envDestroyHandles
0010b8bc 00000010 t sdmc_link
0010b8cc 00000010 t sdmc_dirreset
0010b8dc 00000010 t sdmc_chmod
0010b8ec 00000010 t sdmc_fchmod
0010b8fc 00000024 t error_cmp
0010b920 00000050 t sdmc_translate_error
0010b970 00000034 t sdmc_fsync
0010b9a4 00000054 t sdmc_ftruncate
0010b9f8 000000ac t sdmc_statvfs
0010baa4 00000038 t sdmc_dirclose
0010badc 000000e0 t sdmc_dirnext
0010bbbc 00000034 t sdmc_close
0010bbf0 00000074 t sdmc_fstat
0010bc64 000000c0 t sdmc_seek
0010bd24 0000008c t sdmc_read
0010bdb0 00000110 t sdmc_write_safe
0010bec0 000001b4 t sdmc_utf16path
0010c074 00000080 t sdmc_rmdir
0010c0f4 0000009c t sdmc_diropen
0010c190 000000a8 t sdmc_chdir
0010c238 000000a4 t sdmc_mkdir
0010c2dc 00000138 t sdmc_rename
0010c414 00000080 t sdmc_unlink
0010c494 00000120 t sdmc_stat
0010c5b4 000001ac t sdmc_open
0010c760 00000134 T sdmcInit
0010c894 00000050 T sdmcExit
0010c8e4 000000c8 T fsInit
0010c9ac 00000034 T fsExit
0010c9e0 000000dc T FSUSER_OpenFile
0010cabc 000000b8 T FSUSER_DeleteFile
0010cb74 000000f4 T FSUSER_RenameFile
0010cc68 000000b8 T FSUSER_DeleteDirectory
0010cd20 000000d0 T FSUSER_CreateFile
0010cdf0 000000c0 T FSUSER_CreateDirectory
0010ceb0 000000f4 T FSUSER_RenameDirectory
0010cfa4 000000c4 T FSUSER_OpenDirectory
0010d068 000000bc T FSUSER_OpenArchive
0010d124 00000088 T FSUSER_CloseArchive
0010d1ac 0000008c T FSUSER_GetSdmcArchiveResource
0010d238 00000064 T FSUSER_IsSdmcWritable
0010d29c 0000005c T FSFILE_Read
0010d2f8 00000064 T FSFILE_Write
0010d35c 0000003c T FSFILE_GetSize
0010d398 0000002c T FSFILE_SetSize
0010d3c4 0000003c T FSFILE_Close
0010d400 00000024 T FSFILE_Flush
0010d424 00000054 T FSDIR_Read
0010d478 0000003c T FSDIR_Close
0010d4b4 000000bc T utf8_to_utf16
0010d570 00000138 T decode_utf8
0010d6a8 000000e4 T utf16_to_utf8
0010d78c T __aeabi_read_tp
0010d798 00000068 T encode_utf16
0010d800 00000104 T encode_utf8
0010d904 00000060 T decode_utf16
0010d964 000000c4 T cosf
0010da28 000000cc T sinf
0010daf8 00000110 T sqrt
0010dc08 000002e0 T __ieee754_rem_pio2f
0010dee8 00000214 T __ieee754_sqrt
0010e0fc 00000124 T __kernel_cosf
0010e220 00000828 T __kernel_rem_pio2f
0010ea48 000000a0 T __kernel_sinf
0010eae8 00000010 T fabsf
0010eaf8 000000b8 T floorf
0010ebb0 00000074 T __fpclassifyd
0010ec24 00000118 T scalbnf
0010ed3c 00000008 T matherr
0010ed44 0000001c T copysignf
0010ed60 00000078 T bsearch
0010edd8 0000000c T __errno
0010ede4 0000003c T __libc_fini_array
0010ee20 00000078 T __libc_init_array
0010ee98 00000020 T memalign
0010eeb8 0000015c T _memalign_r
0010f014 00000018 T malloc
0010f02c 00000018 T free
0010f044 000007a8 T _malloc_r
0010f7ec 000000f0 T memcpy
0010f8dc 000000f4 T memset
0010f9d0 0000000c T __malloc_lock
0010f9dc 0000000c T __malloc_unlock
0010f9e8 0000005c T strlen
0010fa44 000000a4 T strncat
0010fae8 000000e0 T strncpy
0010fbc8 000000f8 T _malloc_trim_r
0010fcc0 000002e4 T _free_r
0010ffa4 0000015c T strchr
00110100 0000011c T strncmp
0011021c 0000005c T strnlen
00110278 00000044 T strrchr
001102bc T _fini
00111000 R shader_vsh_shbin
00111100 R shader_vsh_shbin_end
00111100 R shader_vsh_shbin_size
00111104 00000030 r CSWTCH.18
00111134 00000014 r CSWTCH.21
00111148 00000008 r framebufferInfoSt
00111150 00000004 R GPU_FORMATSIZE
00111154 00000006 R GPU_TEVID
0011115c 00000024 r CSWTCH.14
00111180 0000000c r __apt_servicenames
0011118c 00000030 r error_table
001111bc 00000068 R dotab_stdnull
00111224 00000003 R DIRECTORY_PARENT
00111228 00000002 R DIRECTORY_THIS
0011122c 00000002 R DIRECTORY_SEPARATOR
001112b8 00000080 r npio2_hw
00111338 00000318 r two_over_pi
00111650 0000000c r init_jk
0011165c 0000002c r PIo2
00111690 00000101 R _ctype_
00111794 r __EH_FRAME_BEGIN__
00111794 R __exidx_end
00111794 R __exidx_start
00112000 00000004 d projection_desc
00112004 00000004 d vblank_wait
00112008 00000001 d topFormat
00112009 00000001 d botFormat
0011200c 00000008 d doubleBuf
00112014 W __stacksize__
00112018 00000401 d __cwd
00112420 00000018 d sdmcArchive
00112438 00000068 d sdmc_devoptab
001124a0 00000004 d defaultDevice
001124a4 00000040 D devoptab_list
001124e4 00001000 d _current_working_directory
001134e4 00000001 D __fdlib_version
001134e8 00000440 d impure_data
00113928 00000004 D _impure_ptr
0011392c 00000408 D __malloc_av_
00113d34 00000004 D __malloc_trim_threshold
00113d38 00000004 D __malloc_sbrk_base
00113d3c 0000000c d __malloc_lock_object
00113d48 00000004 D __ctype_ptr__
00113d4c t __frame_dummy_init_array_entry
00113d4c T __init_array_start
00113d4c d __JCR_LIST__
00113d4c B __preinit_array_end
00113d4c B __preinit_array_start
00113d4c D __tdata_lma
00113d4c D __tdata_lma_end
00113d4c D __TMC_END__
00113d4c d __TMC_LIST__
00113d50 t __do_global_dtors_aux_fini_array_entry
00113d50 T __fini_array_start
00113d50 T __init_array_end
00113d54 T __bss_start__
00113d54 b completed.6505
00113d54 T __fini_array_end
00113d58 b object.6510
00113d70 00000004 b gpu_cmd_size
00113d74 00000004 b gpu_cmd
00113d78 00000014 b shader
00113d8c 00000001 b cur_screen
00113d90 00000040 b ortho_matrix_top
00113dd0 00000040 b ortho_matrix_bot
00113e10 00000004 b gpu_fb_addr
00113e14 00000004 b gpu_depth_fb_addr
00113e18 00000004 b pool_addr
00113e1c 00000004 b pool_size
00113e20 00000004 b dvlb
00113e24 0000000c b apt_hook_cookie
00113e30 00000004 b current_fps
00113e34 00000004 b frames
00113e38 00000008 b last_time
00113e40 00000001 b cur_side
00113e44 00000004 b pool_index
00113e48 00000004 b sf2d_initialized
00113e4c 00000004 b targetDepthBuffer
00113e50 00000004 b targetDepthBufferLen
00113e54 00000004 b currentRenderTarget
00113e58 00000004 b clear_color
00113e60 00000008 b sVramPool
00113e68 0000000c b sAddrMap
00113e74 00000008 b sLinearPool
00113e7c 0000000c b sAddrMap
00113e88 00000001 V __ctru_speedup
00113e8c 00000001 b enable3d
00113e90 00000004 b screenFree
00113e94 00000002 b currentBuffer
00113e98 00000004 b gspEvent
00113e9c 00000004 b gspEventData
00113ea0 00000004 b gspRefCount
00113ea4 00000004 b hidRefCount
00113ea8 00000004 b kOld
00113eac 00000004 b kHeld
00113eb0 00000004 b cPos
00113eb4 00000004 b tPos
00113eb8 00000006 b aVec
00113ec0 00000006 b gRate
00113ec8 00000004 b kDown
00113ecc 00000004 b kUp
00113ed0 00000004 b __apt_servicestr
00113ed4 0000000c b aptFirstHook
00113ee0 00000001 B aptStatus
00113ee4 00000004 b aptRefCount
00113ee8 00000002 b __apt_launchapplet_appID
00113eec 00000020 b __ns_capinfo
00113f0c 00000001 B aptStatusBeforeSleep
00113f10 00000004 b __apt_launchapplet_parambuf
00113f14 00000004 b __apt_launchapplet_parambufsize
00113f18 00000004 b __apt_new3dsflag_initialized
00113f1c 00000001 b __apt_new3dsflag
00113f20 00000004 b __apt_launchapplet_inhandle
00113f24 00000004 b ptmSysmRefCount
00113f28 00000004 b ptmSysmHandle
00113f2c b saved_stack
00113f34 00000008 b sMappablePool
00113f3c 0000000c b sAddrMap
00113f48 00000004 b arbiter
00113f4c 00000004 b srvRefCount
00113f50 00000004 b srvHandle
00113f54 00000004 b irrstRefCount
00113f58 00000004 b kHeld
00113f5c 00000004 b csPos
00113f60 00000001 b sdmcInitialised
00113f64 00000004 b fsuRefCount
00113f68 00000004 b fsuHandle
00113f6c 00000004 b heap_start.5704
00113f70 00000004 B fake_heap_start
00113f74 00000004 B fake_heap_end
00113f78 00001000 b temp_cwd
00114f78 00000038 B __syscalls
00114fb0 00000004 B __malloc_max_total_mem
00114fb4 00000004 B __malloc_max_sbrked_mem
00114fb8 00000004 B __malloc_top_pad
00114fbc 00000028 B __malloc_current_mallinfo
00114fe4 00000008 B gfxBottomFramebuffers
00114fec 00000004 B gspSharedMemHandle
00114ff0 0000001c B bottomFramebufferInfo
0011500c 00000004 B gspEvent
00115010 00000008 B gfxTopLeftFramebuffers
00115018 00000008 B gfxTopRightFramebuffers
00115020 0000001c B topFramebufferInfo
0011503c 00000001 B gfxThreadID
00115040 00000004 B gfxSharedMemory
00115044 00000004 B gxCmdBuf
00115048 00000004 B gpuCmdBuf
0011504c 00000004 B gpuCmdBufOffset
00115050 00000004 B gpuCmdBufSize
00115054 00000007 B gspEventCbOneShot
0011505c 0000001c B gspEventCb
00115078 00000004 B gspGpuHandle
0011507c 00000004 B gspEventThread
00115080 0000001c B gspEventCounts
0011509c 0000001c B gspEvents
001150b8 00000001 B gspRunEvents
001150bc 0000001c B gspEventCbData
001150d8 00000004 B hidMemHandle
001150dc 00000004 B hidHandle
001150e0 00000004 B hidSharedMem
001150e4 00000014 B hidEvents
001150f8 00000004 B aptEventHandlerThread
001150fc 00000004 B aptSleepSync
00115100 00001000 B aptParameters
00116100 00000004 B aptuHandle
00116104 0000000c B aptEvents
00116110 00000004 B aptStatusEvent
00116114 00000004 B aptStatusPower
00116118 00000004 B aptStatusMutex
0011611c 00000004 B aptLockHandle
00116120 00000002 B currentAppId
00116124 00000004 B __system_retAddr
00116128 00000004 B __ctru_heap_size
0011612c 00000004 B __ctru_linear_heap
00116130 00000004 B __ctru_heap
00116134 00000004 B __ctru_linear_heap_size
00116138 00000004 B __system_argv
0011613c 00000004 B __system_argc
00116140 00000004 B irrstHandle
00116144 00000004 B irrstEvent
00116148 00000004 B irrstMemHandle
0011614c 00000004 B irrstSharedMem
00116150 B __tls_start
0011955c B __bss_end__
0011955c A __end__
0011955c B __tls_end
