         w __deregister_frame_info
         w _ITM_deregisterTMCloneTable
         w _ITM_registerTMCloneTable
         w _Jv_RegisterClasses
         w __register_frame_info
00000000 b .LANCHOR1
00000000 a shift
00000000 b _TLS_MODULE_BASE_
00000000 00002000 b tmp_buffer.6553
00001ff8 b .LANCHOR2
00002000 00000401 b __fixedpath
00002404 00000802 b __utf16path
00002c08 00000802 b __utf16path_old.6624
00100000 T _start
00100000 T __start__
00100008 T __service_ptr
0010000c T __apt_appid
00100010 T __heap_size
00100014 T __linear_heap_size
00100018 T __system_arglist
0010001c T __system_runflags
00100020 t startup
00100058 t ClearMem
0010006c t ClrLoop
00100094 T _init
001000ac t deregister_tm_clones
001000dc t register_tm_clones
00100114 t __do_global_dtors_aux
00100158 t frame_dummy
001001b4 T initSystem
001001f8 T __ctru_exit
00100218 00000004 W __aeabi_idiv0
00100218 00000004 W __aeabi_ldiv0
0010021c 00000008 t null_write
00100224 00000018 T setDefaultDevice
0010023c 000000bc T FindDevice
001002f8 0000002c T RemoveDevice
00100324 00000098 T AddDevice
001003bc 00000024 T GetDeviceOpTab
001003e0 00000070 T _sbrk_r
00100450 000001bc T _concatenate_path
0010060c 00000154 T chdir
00100760 000000a0 T getcwd
00100800 00000018 T __libc_lock_init
00100818 00000018 T __libc_lock_acquire
00100830 00000024 T __libc_lock_try_acquire
00100854 00000018 T __libc_lock_release
0010086c 00000018 T __libc_lock_close
00100884 00000018 T __libc_lock_init_recursive
0010089c 00000018 T __libc_lock_acquire_recursive
001008b4 00000024 T __libc_lock_try_acquire_recursive
001008d8 00000018 T __libc_lock_release_recursive
001008f0 00000018 T __libc_lock_close_recursive
00100908 00000028 T __getreent
00100930 T __aeabi_uidiv
00100930 000001ec T __udivsi3
00100930 t .udivsi3_skip_div0_test
00100b1c 00000020 T __aeabi_uidivmod
00100b48 00000390 T strcmp
00100ee0 000000c8 T main
00100fa8 0000008c t gfxSetFramebufferInfo.part.0
00101034 00000010 T gfxSet3D
00101044 00000070 T gfxSetFramebufferInfo
001010b4 00000088 T gfxWriteFramebufferInfo
0010113c 000001d0 T gfxInit
0010130c 00000010 T gfxInitDefault
0010131c 000000e0 T gfxExit
001013fc 000000b0 T gfxGetFramebuffer
001014ac 000000cc T gfxFlushBuffers
00101578 00000070 T gfxConfigScreen
001015e8 00000020 T gfxSwapBuffers
00101608 00000124 t gspEventThreadMain
0010172c 00000074 T gspInit
001017a0 0000003c T gspExit
001017dc 000000d0 T gspInitEventHandler
001018ac 0000005c T gspExitEventHandler
00101908 00000058 T gspWaitForEvent
00101960 0000006c T GSPGPU_SetBufferSwap
001019cc 0000004c T GSPGPU_FlushDataCache
00101a18 00000034 T GSPGPU_SetLcdForceBlack
00101a4c 00000064 T GSPGPU_RegisterInterruptRelayQueue
00101ab0 0000002c T GSPGPU_UnregisterInterruptRelayQueue
00101adc 00000048 T GSPGPU_AcquireRight
00101b24 0000002c T GSPGPU_ReleaseRight
00101b50 00000080 T GSPGPU_ImportDisplayCaptureInfo
00101bd0 0000002c T GSPGPU_SaveVramSysArea
00101bfc 0000002c T GSPGPU_RestoreVramSysArea
00101c28 000000d8 T hidExit
00101d00 00000238 T hidScanInput
00101f38 00000010 T hidKeysDown
00101f48 00000090 T HIDUSER_GetHandles
00101fd8 00000184 T hidInit
0010215c 00000068 t __apt_initservicehandle
001021c4 00000004 W _aptDebug
001021c8 00000098 T aptInitCaptureInfo
00102260 00000028 T aptWaitStatusEvent
00102288 00000060 T aptGetMenuAppID
001022e8 0000006c T aptSetStatus
00102354 00000048 T APT_GetLockHandle
0010239c 00000060 T APT_Initialize
001023fc 00000034 T APT_Finalize
00102430 00000048 T APT_InquireNotification
00102478 0000002c T APT_PrepareToJumpToHomeMenu
001024a4 00000050 T APT_JumpToHomeMenu
001024f4 00000034 T APT_PrepareToJumpToApplication
00102528 00000050 T APT_JumpToApplication
00102578 00000034 T APT_NotifyToWait
001025ac 0000008c T APT_AppletUtility
00102638 00000188 T aptAppletUtility_Exit_RetToApp
001027c0 0000003c T aptAppletClosed
001027fc 00000114 t aptAppStarted
00102910 00000298 T aptInit
00102ba8 0000006c T APT_ReceiveParameter
00102c14 00000064 T APT_SendParameter
00102c78 00000044 T APT_SendCaptureBufferInfo
00102cbc 00000264 T aptReturnToMenu
00102f20 00000038 T APT_ReplySleepQuery
00102f58 00000034 T APT_ReplySleepNotificationComplete
00102f8c 000003f4 T aptEventHandler
00103380 00000034 T APT_PrepareToCloseApplication
001033b4 00000050 T APT_CloseApplication
00103404 000002d0 T aptExit
001036d4 0000006c T APT_CheckNew3DS_System
00103740 0000008c T APT_CheckNew3DS
001037cc 00000054 T APT_StartLibraryApplet
00103820 00000174 T aptAppletStarted
00103994 000001a4 T aptMainLoop
00103b38 00000038 W __libctru_init
00103b70 00000030 t __ctru_get_reent
00103ba0 000000e8 T __system_initSyscalls
00103c88 00000058 t osGetMemRegionSize
00103ce0 00000124 W __system_allocateHeaps
00103e04 000000f4 T __system_initArgv
00103ef8 T svcControlMemory
00103f18 T svcExitProcess
00103f20 T svcCreateThread
00103f40 T svcExitThread
00103f48 T svcCreateEvent
00103f5c T svcSignalEvent
00103f64 T svcClearEvent
00103f6c T svcMapMemoryBlock
00103f74 T svcUnmapMemoryBlock
00103f7c T svcCreateAddressArbiter
00103f90 T svcArbitrateAddress
00103fa8 T svcCloseHandle
00103fb0 T svcWaitSynchronization
00103fb8 T svcWaitSynchronizationN
00103fe0 T svcDuplicateHandle
00103ff4 T svcGetSystemTick
00103ffc T svcGetSystemInfo
00104014 T svcConnectToPort
00104028 T svcSendSyncRequest
00104030 T svcBreak
00104038 00000024 t addrMapNodeComparator(rbtree_node const*, rbtree_node const*)
0010405c 00000004 t addrMapNodeDestructor(rbtree_node*)
00104060 00000130 T vramMemAlign
00104190 00000008 T vramAlloc
00104198 00000050 T vramFree
001041e8 00000024 t addrMapNodeComparator(rbtree_node const*, rbtree_node const*)
0010420c 00000004 t addrMapNodeDestructor(rbtree_node*)
00104210 000000f4 T mappableAlloc
00104304 00000050 T mappableFree
00104354 00000024 t addrMapNodeComparator(rbtree_node const*, rbtree_node const*)
00104378 00000004 t addrMapNodeDestructor(rbtree_node*)
0010437c 00000140 T linearMemAlign
001044bc 00000008 T linearAlloc
001044c4 00000050 T linearFree
00104514 000000a0 T MemPool::CoalesceRight(MemBlock*)
001045b4 0000018c T MemPool::Allocate(MemChunk&, unsigned long, int)
00104740 00000104 T MemPool::Deallocate(MemChunk const&)
00104844 00000034 t LightLock_Unlock.part.1
00104878 0000000c T __sync_init
00104884 00000018 T __sync_fini
0010489c 00000018 T LightLock_Init
001048b4 00000094 T LightLock_Lock
00104948 00000034 T LightLock_TryLock
0010497c 00000020 T LightLock_Unlock
0010499c 00000024 T RecursiveLock_Init
001049c0 00000030 T RecursiveLock_Lock
001049f0 00000058 T RecursiveLock_TryLock
00104a48 00000038 T RecursiveLock_Unlock
00104a80 00000058 t getSysTime
00104ad8 00000024 T osGetMemRegionUsed
00104b00 000000f4 T __libctru_gtod
00104bf8 00000034 T __ctru_speedup_config
00104c2c 00000050 T srvExit
00104c7c 00000038 T srvRegisterClient
00104cb4 00000070 T srvInit
00104d24 00000068 T srvGetServiceHandleDirect
00104d8c 00000038 T srvGetServiceHandle
00104dc4 000001c8 T threadCreate
00104f8c 00000024 T threadJoin
00104fb0 0000006c T threadExit
0010501c 0000003c t _thread_begin
00105058 000000b0 T irrstScanInput
00105108 0000001c T irrstKeysHeld
00105124 00000050 T IRRST_GetHandles
00105174 00000148 T irrstInit
001052bc 0000002c T IRRST_Shutdown
001052e8 000000b0 T irrstExit
00105398 00000070 T ptmSysmInit
00105408 00000034 T ptmSysmExit
0010543c 00000034 T PTMSYSM_ConfigureNew3DSCPU
00105470 00000014 T rbtree_init
00105484 000001d4 t do_insert
00105658 00000008 T rbtree_insert
00105660 000000ac T rbtree_rotate
0010570c 0000035c T rbtree_remove
00105a68 00000070 T rbtree_find
00105ad8 0000001c W __appInit
00105af4 0000001c W __appExit
00105b10 000000a4 W __libctru_exit
00105bb4 00000094 T envGetHandle
00105c48 0000004c T envDestroyHandles
00105c94 00000010 t sdmc_link
00105ca4 00000010 t sdmc_dirreset
00105cb4 00000010 t sdmc_chmod
00105cc4 00000010 t sdmc_fchmod
00105cd4 00000024 t error_cmp
00105cf8 00000050 t sdmc_translate_error
00105d48 00000034 t sdmc_fsync
00105d7c 00000054 t sdmc_ftruncate
00105dd0 000000ac t sdmc_statvfs
00105e7c 00000038 t sdmc_dirclose
00105eb4 000000e0 t sdmc_dirnext
00105f94 00000034 t sdmc_close
00105fc8 00000074 t sdmc_fstat
0010603c 000000c0 t sdmc_seek
001060fc 0000008c t sdmc_read
00106188 00000110 t sdmc_write_safe
00106298 000001b4 t sdmc_utf16path
0010644c 00000080 t sdmc_rmdir
001064cc 0000009c t sdmc_diropen
00106568 000000a8 t sdmc_chdir
00106610 000000a4 t sdmc_mkdir
001066b4 00000138 t sdmc_rename
001067ec 00000080 t sdmc_unlink
0010686c 00000120 t sdmc_stat
0010698c 000001ac t sdmc_open
00106b38 00000134 T sdmcInit
00106c6c 00000050 T sdmcExit
00106cbc 000000c8 T fsInit
00106d84 00000034 T fsExit
00106db8 000000dc T FSUSER_OpenFile
00106e94 000000b8 T FSUSER_DeleteFile
00106f4c 000000f4 T FSUSER_RenameFile
00107040 000000b8 T FSUSER_DeleteDirectory
001070f8 000000d0 T FSUSER_CreateFile
001071c8 000000c0 T FSUSER_CreateDirectory
00107288 000000f4 T FSUSER_RenameDirectory
0010737c 000000c4 T FSUSER_OpenDirectory
00107440 000000bc T FSUSER_OpenArchive
001074fc 00000088 T FSUSER_CloseArchive
00107584 0000008c T FSUSER_GetSdmcArchiveResource
00107610 00000064 T FSUSER_IsSdmcWritable
00107674 0000005c T FSFILE_Read
001076d0 00000064 T FSFILE_Write
00107734 0000003c T FSFILE_GetSize
00107770 0000002c T FSFILE_SetSize
0010779c 0000003c T FSFILE_Close
001077d8 00000024 T FSFILE_Flush
001077fc 00000054 T FSDIR_Read
00107850 0000003c T FSDIR_Close
0010788c 0000008c T rbtree_node_next
00107918 000000bc T utf8_to_utf16
001079d4 00000138 T decode_utf8
00107b0c 000000e4 T utf16_to_utf8
00107bf0 T __aeabi_read_tp
00107bfc 00000068 T encode_utf16
00107c64 00000104 T encode_utf8
00107d68 00000060 T decode_utf16
00107dc8 00000078 T bsearch
00107e40 0000003c T __libc_fini_array
00107e7c 00000078 T __libc_init_array
00107ef4 00000020 T memalign
00107f14 0000015c T _memalign_r
00108070 00000018 T malloc
00108088 00000018 T free
001080a0 000007a8 T _malloc_r
00108848 000000f0 T memcpy
00108938 000000f4 T memset
00108a2c 0000000c T __malloc_lock
00108a38 0000000c T __malloc_unlock
00108a44 0000005c T strlen
00108aa0 000000a4 T strncat
00108b44 000000e0 T strncpy
00108c24 000000f8 T _malloc_trim_r
00108d1c 000002e4 T _free_r
00109000 0000015c T strchr
0010915c 0000011c T strncmp
00109278 0000005c T strnlen
001092d4 00000044 T strrchr
00109318 T _fini
0010a000 00000014 r CSWTCH.21
0010a014 00000008 r framebufferInfoSt
0010a01c 0000000c r __apt_servicenames
0010a028 00000030 r error_table
0010a058 00000068 R dotab_stdnull
0010a0c0 00000003 R DIRECTORY_PARENT
0010a0c4 00000002 R DIRECTORY_THIS
0010a0c8 00000002 R DIRECTORY_SEPARATOR
0010a148 00000101 R _ctype_
0010a24c r __EH_FRAME_BEGIN__
0010a24c R __exidx_end
0010a24c R __exidx_start
0010b000 00000001 d topFormat
0010b001 00000001 d botFormat
0010b004 00000008 d doubleBuf
0010b00c W __stacksize__
0010b010 00000401 d __cwd
0010b418 00000018 d sdmcArchive
0010b430 00000068 d sdmc_devoptab
0010b498 00000004 d defaultDevice
0010b49c 00000040 D devoptab_list
0010b4dc 00001000 d _current_working_directory
0010c4e0 00000440 d impure_data
0010c920 00000004 D _impure_ptr
0010c924 00000408 D __malloc_av_
0010cd2c 00000004 D __malloc_trim_threshold
0010cd30 00000004 D __malloc_sbrk_base
0010cd34 0000000c d __malloc_lock_object
0010cd40 00000004 D __ctype_ptr__
0010cd44 t __frame_dummy_init_array_entry
0010cd44 T __init_array_start
0010cd44 d __JCR_LIST__
0010cd44 B __preinit_array_end
0010cd44 B __preinit_array_start
0010cd44 D __tdata_lma
0010cd44 D __tdata_lma_end
0010cd44 D __TMC_END__
0010cd44 d __TMC_LIST__
0010cd48 t __do_global_dtors_aux_fini_array_entry
0010cd48 T __fini_array_start
0010cd48 T __init_array_end
0010cd4c T __bss_start__
0010cd4c b completed.6505
0010cd4c T __fini_array_end
0010cd50 b object.6510
0010cd68 00000001 b enable3d
0010cd6c 00000004 b screenFree
0010cd70 00000002 b currentBuffer
0010cd74 00000004 b gspEvent
0010cd78 00000004 b gspEventData
0010cd7c 00000004 b gspRefCount
0010cd80 00000004 b hidRefCount
0010cd84 00000004 b kOld
0010cd88 00000004 b kHeld
0010cd8c 00000004 b cPos
0010cd90 00000004 b tPos
0010cd94 00000006 b aVec
0010cd9c 00000006 b gRate
0010cda4 00000004 b kDown
0010cda8 00000004 b kUp
0010cdac 00000004 b __apt_servicestr
0010cdb0 0000000c b aptFirstHook
0010cdbc 00000001 B aptStatus
0010cdc0 00000004 b aptRefCount
0010cdc4 00000002 b __apt_launchapplet_appID
0010cdc8 00000020 b __ns_capinfo
0010cde8 00000001 B aptStatusBeforeSleep
0010cdec 00000004 b __apt_launchapplet_parambuf
0010cdf0 00000004 b __apt_launchapplet_parambufsize
0010cdf4 00000004 b __apt_new3dsflag_initialized
0010cdf8 00000001 b __apt_new3dsflag
0010cdfc 00000004 b __apt_launchapplet_inhandle
0010ce00 b saved_stack
0010ce08 00000008 b sVramPool
0010ce10 0000000c b sAddrMap
0010ce1c 00000008 b sMappablePool
0010ce24 0000000c b sAddrMap
0010ce30 00000008 b sLinearPool
0010ce38 0000000c b sAddrMap
0010ce44 00000004 b arbiter
0010ce48 00000001 V __ctru_speedup
0010ce4c 00000004 b srvRefCount
0010ce50 00000004 b srvHandle
0010ce54 00000004 b irrstRefCount
0010ce58 00000004 b kHeld
0010ce5c 00000004 b csPos
0010ce60 00000004 b ptmSysmRefCount
0010ce64 00000004 b ptmSysmHandle
0010ce68 00000001 b sdmcInitialised
0010ce6c 00000004 b fsuRefCount
0010ce70 00000004 b fsuHandle
0010ce74 00000004 b heap_start.5704
0010ce78 00000004 B fake_heap_start
0010ce7c 00000004 B fake_heap_end
0010ce80 00001000 b temp_cwd
0010de80 00000038 B __syscalls
0010deb8 00000004 B __malloc_max_total_mem
0010debc 00000004 B __malloc_max_sbrked_mem
0010dec0 00000004 B __malloc_top_pad
0010dec4 00000028 B __malloc_current_mallinfo
0010deec 00000008 B gfxBottomFramebuffers
0010def4 00000004 B gspSharedMemHandle
0010def8 0000001c B bottomFramebufferInfo
0010df14 00000004 B gspEvent
0010df18 00000008 B gfxTopLeftFramebuffers
0010df20 00000008 B gfxTopRightFramebuffers
0010df28 0000001c B topFramebufferInfo
0010df44 00000001 B gfxThreadID
0010df48 00000004 B gfxSharedMemory
0010df4c 00000004 B gxCmdBuf
0010df50 00000007 B gspEventCbOneShot
0010df58 0000001c B gspEventCb
0010df74 00000004 B gspGpuHandle
0010df78 00000004 B gspEventThread
0010df7c 0000001c B gspEventCounts
0010df98 0000001c B gspEvents
0010dfb4 00000001 B gspRunEvents
0010dfb8 0000001c B gspEventCbData
0010dfd4 00000004 B hidMemHandle
0010dfd8 00000004 B hidHandle
0010dfdc 00000004 B hidSharedMem
0010dfe0 00000014 B hidEvents
0010dff4 00000004 B aptEventHandlerThread
0010dff8 00000004 B aptSleepSync
0010dffc 00001000 B aptParameters
0010effc 00000004 B aptuHandle
0010f000 0000000c B aptEvents
0010f00c 00000004 B aptStatusEvent
0010f010 00000004 B aptStatusPower
0010f014 00000004 B aptStatusMutex
0010f018 00000004 B aptLockHandle
0010f01c 00000002 B currentAppId
0010f020 00000004 B __system_retAddr
0010f024 00000004 B __ctru_heap_size
0010f028 00000004 B __ctru_linear_heap
0010f02c 00000004 B __ctru_heap
0010f030 00000004 B __ctru_linear_heap_size
0010f034 00000004 B __system_argv
0010f038 00000004 B __system_argc
0010f03c 00000004 B irrstHandle
0010f040 00000004 B irrstEvent
0010f044 00000004 B irrstMemHandle
0010f048 00000004 B irrstSharedMem
0010f04c B __tls_start
00112458 B __bss_end__
00112458 A __end__
00112458 B __tls_end
